(frozenset({'soup'}), frozenset({'mineral water'}), 0.45646437994722955)
(frozenset({'olive oil'}), frozenset({'mineral water'}), 0.4190283400809717)
(frozenset({'ground beef'}), frozenset({'mineral water'}), 0.41655359565807326)
(frozenset({'salmon'}), frozenset({'mineral water'}), 0.4012539184952978)
(frozenset({'cereals'}), frozenset({'mineral water'}), 0.3989637305699482)
(frozenset({'ground beef'}), frozenset({'spaghetti'}), 0.3989145183175034)
(frozenset({'cooking oil'}), frozenset({'mineral water'}), 0.3942558746736292)
(frozenset({'red wine'}), frozenset({'mineral water'}), 0.38862559241706157)
(frozenset({'chicken'}), frozenset({'mineral water'}), 0.38000000000000006)
(frozenset({'frozen vegetables'}), frozenset({'mineral water'}), 0.37482517482517486)
(frozenset({'milk'}), frozenset({'mineral water'}), 0.3703703703703704)
(frozenset({'red wine'}), frozenset({'spaghetti'}), 0.36492890995260663)
(frozenset({'tomatoes'}), frozenset({'mineral water'}), 0.3567251461988304)
(frozenset({'pancakes'}), frozenset({'mineral water'}), 0.3548387096774194)
(frozenset({'olive oil'}), frozenset({'spaghetti'}), 0.3481781376518219)
(frozenset({'avocado'}), frozenset({'mineral water'}), 0.348)
(frozenset({'herb & pepper'}), frozenset({'mineral water'}), 0.34501347708894875)
(frozenset({'whole wheat rice'}), frozenset({'mineral water'}), 0.3439635535307517)
(frozenset({'spaghetti'}), frozenset({'mineral water'}), 0.3430321592649311)
(frozenset({'cake'}), frozenset({'mineral water'}), 0.33881578947368424)
(frozenset({'grated cheese'}), frozenset({'mineral water'}), 0.3333333333333333)
(frozenset({'burgers'}), frozenset({'eggs'}), 0.33027522935779813)
(frozenset({'shrimp'}), frozenset({'mineral water'}), 0.3302238805970149)
(frozenset({'herb & pepper'}), frozenset({'spaghetti'}), 0.32884097035040427)
(frozenset({'herb & pepper'}), frozenset({'ground beef'}), 0.3234501347708895)
(frozenset({'chocolate'}), frozenset({'mineral water'}), 0.3213995117982099)
(frozenset({'frozen smoothie'}), frozenset({'mineral water'}), 0.32)
(frozenset({'honey'}), frozenset({'mineral water'}), 0.31741573033707865)
(frozenset({'salmon'}), frozenset({'spaghetti'}), 0.3166144200626959)
(frozenset({'grated cheese'}), frozenset({'spaghetti'}), 0.3155216284987277)
(frozenset({'low fat yogurt'}), frozenset({'mineral water'}), 0.313588850174216)
(frozenset({'turkey'}), frozenset({'eggs'}), 0.31130063965884863)
(frozenset({'cooking oil'}), frozenset({'spaghetti'}), 0.31070496083550914)
(frozenset({'fresh bread'}), frozenset({'mineral water'}), 0.30959752321981426)
(frozenset({'turkey'}), frozenset({'mineral water'}), 0.3070362473347548)
(frozenset({'tomatoes'}), frozenset({'spaghetti'}), 0.3060428849902534)
(frozenset({'soup'}), frozenset({'milk'}), 0.3007915567282322)
(frozenset({'shrimp'}), frozenset({'spaghetti'}), 0.2966417910447761)
(frozenset({'frozen vegetables'}), frozenset({'spaghetti'}), 0.29230769230769227)
(frozenset({'chicken'}), frozenset({'spaghetti'}), 0.2866666666666667)
(frozenset({'eggs'}), frozenset({'mineral water'}), 0.28338278931750743)
(frozenset({'soup'}), frozenset({'spaghetti'}), 0.2823218997361478)
(frozenset({'burgers'}), frozenset({'mineral water'}), 0.2798165137614679)
(frozenset({'milk'}), frozenset({'spaghetti'}), 0.27366255144032925)
(frozenset({'cooking oil'}), frozenset({'chocolate'}), 0.26631853785900783)
(frozenset({'pancakes'}), frozenset({'spaghetti'}), 0.2650771388499299)
(frozenset({'turkey'}), frozenset({'spaghetti'}), 0.26439232409381663)
(frozenset({'olive oil'}), frozenset({'milk'}), 0.2591093117408907)
(frozenset({'herb & pepper'}), frozenset({'eggs'}), 0.25336927223719674)
(frozenset({'burgers'}), frozenset({'french fries'}), 0.25229357798165136)
(frozenset({'shrimp'}), frozenset({'chocolate'}), 0.251865671641791)
(frozenset({'salmon'}), frozenset({'chocolate'}), 0.2507836990595611)
(frozenset({'mineral water'}), frozenset({'spaghetti'}), 0.2505592841163311)
(frozenset({'honey'}), frozenset({'spaghetti'}), 0.25)
(frozenset({'olive oil'}), frozenset({'chocolate'}), 0.24898785425101214)
(frozenset({'milk'}), frozenset({'chocolate'}), 0.2479423868312757)
(frozenset({'champagne'}), frozenset({'chocolate'}), 0.24786324786324784)
(frozenset({'frozen vegetables'}), frozenset({'milk'}), 0.24755244755244757)
(frozenset({'chicken'}), frozenset({'milk'}), 0.24666666666666667)
(frozenset({'frozen smoothie'}), frozenset({'spaghetti'}), 0.24631578947368424)
(frozenset({'shrimp'}), frozenset({'milk'}), 0.2462686567164179)
(frozenset({'burgers'}), frozenset({'spaghetti'}), 0.24617737003058102)
(frozenset({'chicken'}), frozenset({'chocolate'}), 0.24444444444444446)
(frozenset({'whole wheat rice'}), frozenset({'spaghetti'}), 0.24145785876993167)
(frozenset({'frozen vegetables'}), frozenset({'chocolate'}), 0.24055944055944053)
(frozenset({'chicken'}), frozenset({'eggs'}), 0.24)
(frozenset({'chocolate'}), frozenset({'spaghetti'}), 0.23921887713588283)
(frozenset({'milk'}), frozenset({'eggs'}), 0.23765432098765432)
(frozenset({'tomatoes'}), frozenset({'frozen vegetables'}), 0.23586744639376217)
(frozenset({'frozen smoothie'}), frozenset({'chocolate'}), 0.23578947368421052)
(frozenset({'cake'}), frozenset({'eggs'}), 0.23519736842105263)
(frozenset({'green tea'}), frozenset({'mineral water'}), 0.23511604439959638)
(frozenset({'ground beef'}), frozenset({'chocolate'}), 0.23473541383989144)
(frozenset({'shrimp'}), frozenset({'frozen vegetables'}), 0.23320895522388058)
(frozenset({'cooking oil'}), frozenset({'eggs'}), 0.2297650130548303)
(frozenset({'frozen smoothie'}), frozenset({'french fries'}), 0.22947368421052633)
(frozenset({'pancakes'}), frozenset({'eggs'}), 0.2286115007012623)
(frozenset({'frozen vegetables'}), frozenset({'eggs'}), 0.22797202797202798)
(frozenset({'frozen smoothie'}), frozenset({'milk'}), 0.22526315789473686)
(frozenset({'spaghetti'}), frozenset({'chocolate'}), 0.22511485451761104)
(frozenset({'spaghetti'}), frozenset({'ground beef'}), 0.22511485451761104)
(frozenset({'cooking oil'}), frozenset({'milk'}), 0.22454308093994776)
(frozenset({'ground beef'}), frozenset({'milk'}), 0.22388059701492538)
(frozenset({'cake'}), frozenset({'spaghetti'}), 0.2236842105263158)
(frozenset({'escalope'}), frozenset({'chocolate'}), 0.22184873949579834)
(frozenset({'mineral water'}), frozenset({'chocolate'}), 0.220917225950783)
(frozenset({'cake'}), frozenset({'french fries'}), 0.22039473684210528)
(frozenset({'low fat yogurt'}), frozenset({'eggs'}), 0.21951219512195125)
(frozenset({'grated cheese'}), frozenset({'ground beef'}), 0.2162849872773537)
(frozenset({'green tea'}), frozenset({'french fries'}), 0.21594349142280528)
(frozenset({'escalope'}), frozenset({'mineral water'}), 0.21512605042016805)
(frozenset({'olive oil'}), frozenset({'ground beef'}), 0.2145748987854251)
(frozenset({'mineral water'}), frozenset({'eggs'}), 0.21364653243847875)
(frozenset({'french fries'}), frozenset({'eggs'}), 0.21294851794071765)
(frozenset({'pancakes'}), frozenset({'french fries'}), 0.211781206171108)
(frozenset({'chocolate'}), frozenset({'french fries'}), 0.209926769731489)
(frozenset({'spaghetti'}), frozenset({'eggs'}), 0.20980091883614088)
(frozenset({'pancakes'}), frozenset({'chocolate'}), 0.20897615708274897)
(frozenset({'grated cheese'}), frozenset({'chocolate'}), 0.20865139949109412)
(frozenset({'escalope'}), frozenset({'french fries'}), 0.20672268907563024)
(frozenset({'whole wheat rice'}), frozenset({'chocolate'}), 0.20501138952164008)
(frozenset({'burgers'}), frozenset({'milk'}), 0.20489296636085627)
(frozenset({'tomatoes'}), frozenset({'milk'}), 0.2046783625730994)
(frozenset({'tomatoes'}), frozenset({'chocolate'}), 0.2046783625730994)
(frozenset({'spaghetti'}), frozenset({'milk'}), 0.20367534456355285)
(frozenset({'ground beef'}), frozenset({'eggs'}), 0.20352781546811397)
(frozenset({'eggs'}), frozenset({'spaghetti'}), 0.2032640949554896)
(frozenset({'whole wheat rice'}), frozenset({'milk'}), 0.2027334851936219)
(frozenset({'chocolate'}), frozenset({'eggs'}), 0.20260374288039054)
(frozenset({'eggs'}), frozenset({'french fries'}), 0.20252225519287834)
(frozenset({'mineral water'}), frozenset({'milk'}), 0.20134228187919462)
(frozenset({'french fries'}), frozenset({'chocolate'}), 0.20124804992199688)
(frozenset({'green tea'}), frozenset({'spaghetti'}), 0.2008072653884965)
(frozenset({'soup'}), frozenset({'chocolate'}), 0.20052770448548812)
(frozenset({'burgers'}), frozenset({'green tea'}), 0.2003058103975535)
(frozenset({'frozen vegetables'}), frozenset({'french fries'}), 0.19999999999999998)
(frozenset({'low fat yogurt'}), frozenset({'spaghetti'}), 0.1986062717770035)
(frozenset({'grated cheese'}), frozenset({'french fries'}), 0.19847328244274812)
(frozenset({'chicken'}), frozenset({'green tea'}), 0.1977777777777778)
(frozenset({'shrimp'}), frozenset({'eggs'}), 0.19776119402985073)
(frozenset({'french fries'}), frozenset({'mineral water'}), 0.19734789391575666)
(frozenset({'chocolate'}), frozenset({'milk'}), 0.19609438567941412)
(frozenset({'burgers'}), frozenset({'chocolate'}), 0.19571865443425074)
(frozenset({'low fat yogurt'}), frozenset({'chocolate'}), 0.19337979094076657)
(frozenset({'green tea'}), frozenset({'eggs'}), 0.1927346115035318)
(frozenset({'turkey'}), frozenset({'green tea'}), 0.18976545842217488)
(frozenset({'whole wheat rice'}), frozenset({'eggs'}), 0.18678815489749429)
(frozenset({'eggs'}), frozenset({'chocolate'}), 0.1847181008902077)
(frozenset({'chicken'}), frozenset({'french fries'}), 0.18444444444444444)
(frozenset({'milk'}), frozenset({'french fries'}), 0.18312757201646093)
(frozenset({'olive oil'}), frozenset({'eggs'}), 0.18218623481781376)
(frozenset({'milk'}), frozenset({'frozen vegetables'}), 0.1820987654320988)
(frozenset({'turkey'}), frozenset({'milk'}), 0.18123667377398722)
(frozenset({'turkey'}), frozenset({'chocolate'}), 0.18123667377398722)
(frozenset({'whole wheat rice'}), frozenset({'french fries'}), 0.17995444191343962)
(frozenset({'tomatoes'}), frozenset({'green tea'}), 0.1793372319688109)
(frozenset({'tomatoes'}), frozenset({'eggs'}), 0.1793372319688109)
(frozenset({'frozen vegetables'}), frozenset({'ground beef'}), 0.17762237762237765)
(frozenset({'green tea'}), frozenset({'chocolate'}), 0.17759838546922302)
(frozenset({'frozen smoothie'}), frozenset({'green tea'}), 0.1768421052631579)
(frozenset({'escalope'}), frozenset({'spaghetti'}), 0.17647058823529413)
(frozenset({'tomatoes'}), frozenset({'french fries'}), 0.17543859649122806)
(frozenset({'frozen vegetables'}), frozenset({'shrimp'}), 0.17482517482517482)
(frozenset({'frozen smoothie'}), frozenset({'eggs'}), 0.17473684210526316)
(frozenset({'cake'}), frozenset({'green tea'}), 0.1743421052631579)
(frozenset({'low fat yogurt'}), frozenset({'french fries'}), 0.17421602787456447)
(frozenset({'pancakes'}), frozenset({'milk'}), 0.17391304347826086)
(frozenset({'ground beef'}), frozenset({'mineral water', 'spaghetti'}), 0.17367706919945725)
(frozenset({'pancakes'}), frozenset({'green tea'}), 0.17251051893408134)
(frozenset({'low fat yogurt'}), frozenset({'milk'}), 0.17247386759581884)
(frozenset({'ground beef'}), frozenset({'frozen vegetables'}), 0.17232021709633652)
(frozenset({'olive oil'}), frozenset({'frozen vegetables'}), 0.17206477732793524)
(frozenset({'mineral water'}), frozenset({'ground beef'}), 0.17170022371364654)
(frozenset({'tomatoes'}), frozenset({'ground beef'}), 0.17153996101364521)
(frozenset({'eggs'}), frozenset({'milk'}), 0.17136498516320472)
(frozenset({'turkey'}), frozenset({'french fries'}), 0.1705756929637527)
(frozenset({'turkey'}), frozenset({'burgers'}), 0.1705756929637527)
(frozenset({'milk'}), frozenset({'ground beef'}), 0.1697530864197531)
(frozenset({'frozen vegetables'}), frozenset({'tomatoes'}), 0.1692307692307692)
(frozenset({'cake'}), frozenset({'chocolate'}), 0.16776315789473684)
(frozenset({'french fries'}), frozenset({'green tea'}), 0.1669266770670827)
(frozenset({'cookies'}), frozenset({'french fries'}), 0.16583747927031509)
(frozenset({'cake'}), frozenset({'milk'}), 0.16447368421052633)
(frozenset({'olive oil'}), frozenset({'pancakes'}), 0.1639676113360324)
(frozenset({'tomatoes'}), frozenset({'shrimp'}), 0.16374269005847952)
(frozenset({'ground beef'}), frozenset({'herb & pepper'}), 0.1628222523744912)
(frozenset({'french fries'}), frozenset({'spaghetti'}), 0.16146645865834636)
(frozenset({'shrimp'}), frozenset({'ground beef'}), 0.16044776119402984)
(frozenset({'shrimp'}), frozenset({'green tea'}), 0.16044776119402984)
(frozenset({'eggs'}), frozenset({'burgers'}), 0.1602373887240356)
(frozenset({'spaghetti'}), frozenset({'frozen vegetables'}), 0.16003062787136293)
(frozenset({'spaghetti'}), frozenset({'french fries'}), 0.15849923430321594)
(frozenset({'shrimp'}), frozenset({'tomatoes'}), 0.15671641791044774)
(frozenset({'olive oil'}), frozenset({'spaghetti', 'mineral water'}), 0.15587044534412955)
(frozenset({'pancakes'}), frozenset({'ground beef'}), 0.15287517531556802)
(frozenset({'spaghetti'}), frozenset({'green tea'}), 0.15237366003062788)
(frozenset({'frozen vegetables'}), frozenset({'green tea'}), 0.15104895104895105)
(frozenset({'ground beef'}), frozenset({'green tea'}), 0.15061058344640435)
(frozenset({'mineral water'}), frozenset({'frozen vegetables'}), 0.1498881431767338)
(frozenset({'cookies'}), frozenset({'green tea'}), 0.14925373134328357)
(frozenset({'ground beef'}), frozenset({'pancakes'}), 0.14789687924016282)
(frozenset({'shrimp'}), frozenset({'pancakes'}), 0.14738805970149252)
(frozenset({'cake'}), frozenset({'pancakes'}), 0.14638157894736845)
(frozenset({'spaghetti'}), frozenset({'pancakes'}), 0.1447166921898928)
(frozenset({'ground beef'}), frozenset({'olive oil'}), 0.14382632293080055)
(frozenset({'chocolate'}), frozenset({'green tea'}), 0.14320585842148087)
(frozenset({'eggs'}), frozenset({'green tea'}), 0.14169139465875372)
(frozenset({'pancakes'}), frozenset({'frozen vegetables'}), 0.14165497896213183)
(frozenset({'mineral water'}), frozenset({'french fries'}), 0.14149888143176736)
(frozenset({'mineral water'}), frozenset({'pancakes'}), 0.14149888143176736)
(frozenset({'cake'}), frozenset({'burgers'}), 0.14144736842105263)
(frozenset({'frozen vegetables'}), frozenset({'pancakes'}), 0.14125874125874124)
(frozenset({'ground beef'}), frozenset({'french fries'}), 0.14111261872455902)
(frozenset({'chocolate'}), frozenset({'ground beef'}), 0.1407648494711147)
(frozenset({'chocolate'}), frozenset({'frozen vegetables'}), 0.13995117982099267)
(frozenset({'escalope'}), frozenset({'eggs'}), 0.13949579831932774)
(frozenset({'french fries'}), frozenset({'milk'}), 0.1388455538221529)
(frozenset({'milk'}), frozenset({'burgers'}), 0.13786008230452676)
(frozenset({'burgers'}), frozenset({'ground beef'}), 0.13761467889908255)
(frozenset({'milk'}), frozenset({'shrimp'}), 0.1358024691358025)
(frozenset({'milk'}), frozenset({'green tea'}), 0.1358024691358025)
(frozenset({'green tea'}), frozenset({'milk'}), 0.13319878910191726)
(frozenset({'low fat yogurt'}), frozenset({'frozen vegetables'}), 0.13240418118466898)
(frozenset({'green tea'}), frozenset({'burgers'}), 0.13218970736629668)
(frozenset({'spaghetti'}), frozenset({'olive oil'}), 0.13169984686064318)
(frozenset({'milk'}), frozenset({'olive oil'}), 0.13168724279835392)
(frozenset({'burgers'}), frozenset({'cake'}), 0.1314984709480122)
(frozenset({'cookies'}), frozenset({'eggs'}), 0.1310116086235489)
(frozenset({'mineral water'}), frozenset({'green tea'}), 0.1303131991051454)
(frozenset({'cookies'}), frozenset({'chocolate'}), 0.12935323383084577)
(frozenset({'french fries'}), frozenset({'burgers'}), 0.12870514820592824)
(frozenset({'milk'}), frozenset({'pancakes'}), 0.12757201646090535)
(frozenset({'cake'}), frozenset({'frozen vegetables'}), 0.12664473684210528)
(frozenset({'frozen vegetables'}), frozenset({'mineral water', 'spaghetti'}), 0.12587412587412586)
(frozenset({'pancakes'}), frozenset({'cake'}), 0.12482468443197757)
(frozenset({'green tea'}), frozenset({'pancakes'}), 0.124117053481332)
(frozenset({'spaghetti'}), frozenset({'burgers'}), 0.12327718223583461)
(frozenset({'burgers'}), frozenset({'turkey'}), 0.12232415902140673)
(frozenset({'ground beef'}), frozenset({'burgers'}), 0.12211668928086838)
(frozenset({'spaghetti'}), frozenset({'shrimp'}), 0.1217457886676876)
(frozenset({'milk'}), frozenset({'spaghetti', 'mineral water'}), 0.12139917695473253)
(frozenset({'chocolate'}), frozenset({'pancakes'}), 0.12123677786818551)
(frozenset({'eggs'}), frozenset({'frozen vegetables'}), 0.12091988130563798)
(frozenset({'eggs'}), frozenset({'pancakes'}), 0.12091988130563798)
(frozenset({'burgers'}), frozenset({'frozen vegetables'}), 0.12079510703363913)
(frozenset({'burgers'}), frozenset({'pancakes'}), 0.12079510703363913)
(frozenset({'pancakes'}), frozenset({'mineral water', 'spaghetti'}), 0.12061711079943899)
(frozenset({'spaghetti'}), frozenset({'tomatoes'}), 0.12021439509954057)
(frozenset({'ground beef'}), frozenset({'tomatoes'}), 0.11940298507462688)
(frozenset({'frozen vegetables'}), frozenset({'olive oil'}), 0.11888111888111888)
(frozenset({'french fries'}), frozenset({'pancakes'}), 0.11778471138845555)
(frozenset({'milk'}), frozenset({'soup'}), 0.11728395061728396)
(frozenset({'ground beef'}), frozenset({'shrimp'}), 0.11668928086838534)
(frozenset({'frozen vegetables'}), frozenset({'milk', 'mineral water'}), 0.11608391608391608)
(frozenset({'mineral water'}), frozenset({'olive oil'}), 0.11577181208053693)
(frozenset({'ground beef'}), frozenset({'grated cheese'}), 0.1153324287652646)
(frozenset({'mineral water'}), frozenset({'cake'}), 0.11521252796420582)
(frozenset({'milk'}), frozenset({'chicken'}), 0.11419753086419754)
(frozenset({'pancakes'}), frozenset({'olive oil'}), 0.11360448807854139)
(frozenset({'ground beef'}), frozenset({'milk', 'mineral water'}), 0.11261872455902307)
(frozenset({'green tea'}), frozenset({'ground beef'}), 0.11200807265388497)
(frozenset({'french fries'}), frozenset({'frozen vegetables'}), 0.11154446177847115)
(frozenset({'eggs'}), frozenset({'ground beef'}), 0.11127596439169138)
(frozenset({'ground beef'}), frozenset({'chocolate', 'mineral water'}), 0.1112618724559023)
(frozenset({'pancakes'}), frozenset({'shrimp'}), 0.11079943899018233)
(frozenset({'pancakes'}), frozenset({'burgers'}), 0.11079943899018233)
(frozenset({'frozen vegetables'}), frozenset({'burgers'}), 0.11048951048951049)
(frozenset({'milk'}), frozenset({'frozen smoothie'}), 0.11008230452674898)
(frozenset({'chocolate'}), frozenset({'shrimp'}), 0.1098454027664768)
(frozenset({'green tea'}), frozenset({'frozen vegetables'}), 0.10898082744702321)
(frozenset({'eggs'}), frozenset({'turkey'}), 0.10830860534124628)
(frozenset({'milk'}), frozenset({'tomatoes'}), 0.1080246913580247)
(frozenset({'milk'}), frozenset({'chocolate', 'mineral water'}), 0.1080246913580247)
(frozenset({'frozen vegetables'}), frozenset({'cake'}), 0.1076923076923077)
(frozenset({'chocolate'}), frozenset({'escalope'}), 0.10740439381611065)
(frozenset({'green tea'}), frozenset({'cake'}), 0.10696266397578205)
(frozenset({'frozen vegetables'}), frozenset({'low fat yogurt'}), 0.1062937062937063)
(frozenset({'eggs'}), frozenset({'cake'}), 0.10608308605341245)
(frozenset({'french fries'}), frozenset({'cake'}), 0.1045241809672387)
(frozenset({'chocolate'}), frozenset({'burgers'}), 0.10414971521562244)
(frozenset({'spaghetti'}), frozenset({'cake'}), 0.10413476263399693)
(frozenset({'ground beef'}), frozenset({'eggs', 'mineral water'}), 0.10312075983717775)
(frozenset({'milk'}), frozenset({'cake'}), 0.10288065843621401)
(frozenset({'mineral water'}), frozenset({'tomatoes'}), 0.10234899328859061)
(frozenset({'mineral water'}), frozenset({'burgers'}), 0.10234899328859061)
(frozenset({'milk'}), frozenset({'low fat yogurt'}), 0.10185185185185186)
(frozenset({'milk'}), frozenset({'eggs', 'mineral water'}), 0.10082304526748971)
(frozenset({'mineral water'}), frozenset({'low fat yogurt'}), 0.10067114093959731)
(frozenset({'chocolate'}), frozenset({'olive oil'}), 0.1000813669650122)
(frozenset({'mineral water'}), frozenset({'shrimp'}), 0.09899328859060404)
(frozenset({'spaghetti'}), frozenset({'chicken'}), 0.09877488514548238)
(frozenset({'spaghetti'}), frozenset({'ground beef', 'mineral water'}), 0.09800918836140887)
(frozenset({'chocolate'}), frozenset({'spaghetti', 'mineral water'}), 0.096826688364524)
(frozenset({'mineral water'}), frozenset({'soup'}), 0.09675615212527965)
(frozenset({'french fries'}), frozenset({'escalope'}), 0.09594383775351015)
(frozenset({'mineral water'}), frozenset({'chicken'}), 0.09563758389261746)
(frozenset({'spaghetti'}), frozenset({'grated cheese'}), 0.09494640122511486)
(frozenset({'spaghetti'}), frozenset({'turkey'}), 0.09494640122511486)
(frozenset({'eggs'}), frozenset({'low fat yogurt'}), 0.09347181008902078)
(frozenset({'spaghetti'}), frozenset({'herb & pepper'}), 0.09341500765696784)
(frozenset({'green tea'}), frozenset({'tomatoes'}), 0.09283551967709386)
(frozenset({'milk'}), frozenset({'whole wheat rice'}), 0.09156378600823047)
(frozenset({'chocolate'}), frozenset({'frozen smoothie'}), 0.09113100081366964)
(frozenset({'spaghetti'}), frozenset({'cooking oil'}), 0.09111791730474733)
(frozenset({'spaghetti'}), frozenset({'chocolate', 'mineral water'}), 0.09111791730474733)
(frozenset({'green tea'}), frozenset({'cookies'}), 0.09081735620585267)
(frozenset({'spaghetti'}), frozenset({'milk', 'mineral water'}), 0.09035222052067382)
(frozenset({'chocolate'}), frozenset({'low fat yogurt'}), 0.09031733116354759)
(frozenset({'green tea'}), frozenset({'turkey'}), 0.0898082744702321)
(frozenset({'green tea'}), frozenset({'chicken'}), 0.0898082744702321)
(frozenset({'spaghetti'}), frozenset({'frozen smoothie'}), 0.08958652373660031)
(frozenset({'chocolate'}), frozenset({'chicken'}), 0.08950366151342555)
(frozenset({'milk'}), frozenset({'cooking oil'}), 0.08847736625514403)
(frozenset({'milk'}), frozenset({'turkey'}), 0.0874485596707819)
(frozenset({'spaghetti'}), frozenset({'low fat yogurt'}), 0.08728943338437979)
(frozenset({'green tea'}), frozenset({'shrimp'}), 0.08678102926337034)
(frozenset({'chocolate'}), frozenset({'tomatoes'}), 0.0854353132628153)
(frozenset({'chocolate'}), frozenset({'milk', 'mineral water'}), 0.0854353132628153)
(frozenset({'milk'}), frozenset({'frozen vegetables', 'mineral water'}), 0.08539094650205761)
(frozenset({'milk'}), frozenset({'ground beef', 'mineral water'}), 0.08539094650205761)
(frozenset({'french fries'}), frozenset({'frozen smoothie'}), 0.08502340093603744)
(frozenset({'mineral water'}), frozenset({'frozen smoothie'}), 0.08501118568232663)
(frozenset({'green tea'}), frozenset({'frozen smoothie'}), 0.08476286579212917)
(frozenset({'mineral water'}), frozenset({'cooking oil'}), 0.08445190156599552)
(frozenset({'mineral water'}), frozenset({'whole wheat rice'}), 0.08445190156599552)
(frozenset({'milk'}), frozenset({'chocolate', 'spaghetti'}), 0.08436213991769548)
(frozenset({'chocolate'}), frozenset({'cake'}), 0.08299430431244914)
(frozenset({'chocolate'}), frozenset({'cooking oil'}), 0.08299430431244914)
(frozenset({'chocolate'}), frozenset({'eggs', 'mineral water'}), 0.08218063466232708)
(frozenset({'spaghetti'}), frozenset({'soup'}), 0.08192955589586524)
(frozenset({'spaghetti'}), frozenset({'eggs', 'mineral water'}), 0.08192955589586524)
(frozenset({'spaghetti'}), frozenset({'whole wheat rice'}), 0.08116385911179173)
(frozenset({'french fries'}), frozenset({'ground beef'}), 0.0811232449297972)
(frozenset({'mineral water'}), frozenset({'turkey'}), 0.08053691275167785)
(frozenset({'spaghetti'}), frozenset({'escalope'}), 0.08039816232771822)
(frozenset({'eggs'}), frozenset({'chicken'}), 0.0801186943620178)
(frozenset({'eggs'}), frozenset({'spaghetti', 'mineral water'}), 0.07937685459940653)
(frozenset({'eggs'}), frozenset({'shrimp'}), 0.07863501483679525)
(frozenset({'french fries'}), frozenset({'cookies'}), 0.07800312012480501)
(frozenset({'french fries'}), frozenset({'low fat yogurt'}), 0.07800312012480501)
(frozenset({'spaghetti'}), frozenset({'salmon'}), 0.0773353751914242)
(frozenset({'eggs'}), frozenset({'chocolate', 'mineral water'}), 0.07492581602373886)
(frozenset({'mineral water'}), frozenset({'grated cheese'}), 0.0732662192393736)
(frozenset({'chocolate'}), frozenset({'whole wheat rice'}), 0.07323026851098453)
(frozenset({'eggs'}), frozenset({'milk', 'mineral water'}), 0.07270029673590504)
(frozenset({'mineral water'}), frozenset({'herb & pepper'}), 0.07158836689038031)
(frozenset({'mineral water'}), frozenset({'escalope'}), 0.07158836689038031)
(frozenset({'mineral water'}), frozenset({'salmon'}), 0.07158836689038031)
(frozenset({'mineral water'}), frozenset({'ground beef', 'spaghetti'}), 0.07158836689038031)
(frozenset({'chocolate'}), frozenset({'champagne'}), 0.07078925956061838)
(frozenset({'french fries'}), frozenset({'tomatoes'}), 0.0702028081123245)
(frozenset({'eggs'}), frozenset({'herb & pepper'}), 0.06973293768545993)
(frozenset({'chocolate'}), frozenset({'turkey'}), 0.0691619202603743)
(frozenset({'spaghetti'}), frozenset({'frozen vegetables', 'mineral water'}), 0.06891271056661562)
(frozenset({'eggs'}), frozenset({'tomatoes'}), 0.06824925816023739)
(frozenset({'spaghetti'}), frozenset({'honey'}), 0.06814701378254212)
(frozenset({'eggs'}), frozenset({'olive oil'}), 0.06676557863501484)
(frozenset({'chocolate'}), frozenset({'grated cheese'}), 0.06672091131000812)
(frozenset({'chocolate'}), frozenset({'ground beef', 'mineral water'}), 0.06672091131000812)
(frozenset({'chocolate'}), frozenset({'milk', 'spaghetti'}), 0.06672091131000812)
(frozenset({'mineral water'}), frozenset({'chocolate', 'spaghetti'}), 0.06655480984340045)
(frozenset({'mineral water'}), frozenset({'milk', 'spaghetti'}), 0.06599552572706936)
(frozenset({'spaghetti'}), frozenset({'pancakes', 'mineral water'}), 0.06584992343032159)
(frozenset({'eggs'}), frozenset({'cooking oil'}), 0.06528189910979229)
(frozenset({'chocolate'}), frozenset({'salmon'}), 0.06509357200976403)
(frozenset({'french fries'}), frozenset({'chicken'}), 0.06474258970358815)
(frozenset({'chocolate'}), frozenset({'eggs', 'spaghetti'}), 0.06427990235964198)
(frozenset({'chocolate'}), frozenset({'cookies'}), 0.06346623270951994)
(frozenset({'mineral water'}), frozenset({'honey'}), 0.06319910514541387)
(frozenset({'spaghetti'}), frozenset({'chocolate', 'milk'}), 0.06278713629402756)
(frozenset({'french fries'}), frozenset({'turkey'}), 0.062402496099843996)
(frozenset({'chocolate'}), frozenset({'soup'}), 0.06183889340927583)
(frozenset({'french fries'}), frozenset({'whole wheat rice'}), 0.06162246489859594)
(frozenset({'eggs'}), frozenset({'escalope'}), 0.0615727002967359)
(frozenset({'eggs'}), frozenset({'frozen smoothie'}), 0.0615727002967359)
(frozenset({'french fries'}), frozenset({'grated cheese'}), 0.0608424336973479)
(frozenset({'eggs'}), frozenset({'whole wheat rice'}), 0.06083086053412462)
(frozenset({'spaghetti'}), frozenset({'eggs', 'chocolate'}), 0.06049004594180704)
(frozenset({'mineral water'}), frozenset({'eggs', 'spaghetti'}), 0.059843400447427295)
(frozenset({'french fries'}), frozenset({'spaghetti', 'mineral water'}), 0.059282371294851796)
(frozenset({'spaghetti'}), frozenset({'red wine'}), 0.058958652373660034)
(frozenset({'spaghetti'}), frozenset({'olive oil', 'mineral water'}), 0.058958652373660034)
(frozenset({'mineral water'}), frozenset({'chocolate', 'milk'}), 0.0587248322147651)
(frozenset({'eggs'}), frozenset({'cookies'}), 0.0586053412462908)
(frozenset({'eggs'}), frozenset({'chocolate', 'spaghetti'}), 0.0586053412462908)
(frozenset({'spaghetti'}), frozenset({'french fries', 'mineral water'}), 0.05819295558958652)
(frozenset({'mineral water'}), frozenset({'eggs', 'chocolate'}), 0.056487695749440715)
(frozenset({'eggs'}), frozenset({'ground beef', 'mineral water'}), 0.05637982195845697)
(frozenset({'mineral water'}), frozenset({'fresh bread'}), 0.055928411633109625)
(frozenset({'mineral water'}), frozenset({'eggs', 'milk'}), 0.05480984340044743)
(frozenset({'mineral water'}), frozenset({'frozen vegetables', 'spaghetti'}), 0.050335570469798654)
(frozenset({'mineral water'}), frozenset({'avocado'}), 0.04865771812080537)
(frozenset({'mineral water'}), frozenset({'pancakes', 'spaghetti'}), 0.04809843400447427)
(frozenset({'mineral water'}), frozenset({'frozen vegetables', 'milk'}), 0.046420581655480984)
(frozenset({'mineral water'}), frozenset({'ground beef', 'milk'}), 0.046420581655480984)
(frozenset({'mineral water'}), frozenset({'red wine'}), 0.04586129753914989)
(frozenset({'mineral water'}), frozenset({'chocolate', 'ground beef'}), 0.04586129753914989)
(frozenset({'mineral water'}), frozenset({'cereals'}), 0.04306487695749441)
(frozenset({'mineral water'}), frozenset({'olive oil', 'spaghetti'}), 0.04306487695749441)
(frozenset({'mineral water'}), frozenset({'french fries', 'spaghetti'}), 0.042505592841163314)
(frozenset({'mineral water'}), frozenset({'eggs', 'ground beef'}), 0.042505592841163314)
