
Apriori
=======

Minimum support: 0.01 (75 instances)
Minimum metric <confidence>: 0.01
Number of cycles performed: 20

Generated sets of large itemsets:

Size of set of large itemsets L(1): 75

Size of set of large itemsets L(2): 168

Size of set of large itemsets L(3): 17

Best rules found:

  1. eggs=1 ground beef=1 150 ==> mineral water=1 76    <conf:(0.51)> lift:(2.13) lev:(0.01) [40] conv:(1.52)
  2. ground beef=1 milk=1 165 ==> mineral water=1 83    <conf:(0.5)> lift:(2.11) lev:(0.01) [43] conv:(1.51)
  3. chocolate=1 ground beef=1 173 ==> mineral water=1 82    <conf:(0.47)> lift:(1.99) lev:(0.01) [40] conv:(1.43)
  4. frozen vegetables=1 milk=1 177 ==> mineral water=1 83    <conf:(0.47)> lift:(1.97) lev:(0.01) [40] conv:(1.42)
  5. soup=1 379 ==> mineral water=1 173    <conf:(0.46)> lift:(1.91) lev:(0.01) [82] conv:(1.39)
  6. pancakes=1 spaghetti=1 189 ==> mineral water=1 86    <conf:(0.46)> lift:(1.91) lev:(0.01) [40] conv:(1.38)
  7. olive oil=1 spaghetti=1 172 ==> mineral water=1 77    <conf:(0.45)> lift:(1.88) lev:(0) [36] conv:(1.36)
  8. milk=1 spaghetti=1 266 ==> mineral water=1 118    <conf:(0.44)> lift:(1.86) lev:(0.01) [54] conv:(1.36)
  9. chocolate=1 milk=1 241 ==> mineral water=1 105    <conf:(0.44)> lift:(1.83) lev:(0.01) [47] conv:(1.34)
 10. ground beef=1 spaghetti=1 294 ==> mineral water=1 128    <conf:(0.44)> lift:(1.83) lev:(0.01) [57] conv:(1.34)
 11. frozen vegetables=1 spaghetti=1 209 ==> mineral water=1 90    <conf:(0.43)> lift:(1.81) lev:(0.01) [40] conv:(1.33)
 12. eggs=1 milk=1 231 ==> mineral water=1 98    <conf:(0.42)> lift:(1.78) lev:(0.01) [42] conv:(1.31)
 13. olive oil=1 494 ==> mineral water=1 207    <conf:(0.42)> lift:(1.76) lev:(0.01) [89] conv:(1.31)
 14. ground beef=1 mineral water=1 307 ==> spaghetti=1 128    <conf:(0.42)> lift:(2.39) lev:(0.01) [74] conv:(1.41)
 15. ground beef=1 737 ==> mineral water=1 307    <conf:(0.42)> lift:(1.75) lev:(0.02) [131] conv:(1.3)
 16. chocolate=1 eggs=1 249 ==> mineral water=1 101    <conf:(0.41)> lift:(1.7) lev:(0.01) [41] conv:(1.27)
 17. chocolate=1 spaghetti=1 294 ==> mineral water=1 119    <conf:(0.4)> lift:(1.7) lev:(0.01) [48] conv:(1.27)
 18. salmon=1 319 ==> mineral water=1 128    <conf:(0.4)> lift:(1.68) lev:(0.01) [51] conv:(1.27)
 19. cereals=1 193 ==> mineral water=1 77    <conf:(0.4)> lift:(1.67) lev:(0) [30] conv:(1.26)
 20. ground beef=1 737 ==> spaghetti=1 294    <conf:(0.4)> lift:(2.29) lev:(0.02) [165] conv:(1.37)
 21. cooking oil=1 383 ==> mineral water=1 151    <conf:(0.39)> lift:(1.65) lev:(0.01) [59] conv:(1.25)
 22. eggs=1 spaghetti=1 274 ==> mineral water=1 107    <conf:(0.39)> lift:(1.64) lev:(0.01) [41] conv:(1.24)
 23. red wine=1 211 ==> mineral water=1 82    <conf:(0.39)> lift:(1.63) lev:(0) [31] conv:(1.24)
 24. chicken=1 450 ==> mineral water=1 171    <conf:(0.38)> lift:(1.59) lev:(0.01) [63] conv:(1.22)
 25. frozen vegetables=1 715 ==> mineral water=1 268    <conf:(0.37)> lift:(1.57) lev:(0.01) [97] conv:(1.22)
 26. mineral water=1 olive oil=1 207 ==> spaghetti=1 77    <conf:(0.37)> lift:(2.14) lev:(0.01) [40] conv:(1.31)
 27. milk=1 972 ==> mineral water=1 360    <conf:(0.37)> lift:(1.55) lev:(0.02) [128] conv:(1.21)
 28. french fries=1 spaghetti=1 207 ==> mineral water=1 76    <conf:(0.37)> lift:(1.54) lev:(0) [26] conv:(1.19)
 29. red wine=1 211 ==> spaghetti=1 77    <conf:(0.36)> lift:(2.1) lev:(0.01) [40] conv:(1.29)
 30. tomatoes=1 513 ==> mineral water=1 183    <conf:(0.36)> lift:(1.5) lev:(0.01) [60] conv:(1.18)
 31. pancakes=1 713 ==> mineral water=1 253    <conf:(0.35)> lift:(1.49) lev:(0.01) [83] conv:(1.18)
 32. olive oil=1 494 ==> spaghetti=1 172    <conf:(0.35)> lift:(2) lev:(0.01) [85] conv:(1.26)
 33. avocado=1 250 ==> mineral water=1 87    <conf:(0.35)> lift:(1.46) lev:(0) [27] conv:(1.16)
 34. herb & pepper=1 371 ==> mineral water=1 128    <conf:(0.35)> lift:(1.45) lev:(0.01) [39] conv:(1.16)
 35. whole wheat rice=1 439 ==> mineral water=1 151    <conf:(0.34)> lift:(1.44) lev:(0.01) [46] conv:(1.16)
 36. spaghetti=1 1306 ==> mineral water=1 448    <conf:(0.34)> lift:(1.44) lev:(0.02) [136] conv:(1.16)
 37. chocolate=1 milk=1 241 ==> spaghetti=1 82    <conf:(0.34)> lift:(1.95) lev:(0.01) [40] conv:(1.24)
 38. mineral water=1 pancakes=1 253 ==> spaghetti=1 86    <conf:(0.34)> lift:(1.95) lev:(0.01) [41] conv:(1.24)
 39. cake=1 608 ==> mineral water=1 206    <conf:(0.34)> lift:(1.42) lev:(0.01) [61] conv:(1.15)
 40. frozen vegetables=1 mineral water=1 268 ==> spaghetti=1 90    <conf:(0.34)> lift:(1.93) lev:(0.01) [43] conv:(1.24)
 41. grated cheese=1 393 ==> mineral water=1 131    <conf:(0.33)> lift:(1.4) lev:(0) [37] conv:(1.14)
 42. burgers=1 654 ==> eggs=1 216    <conf:(0.33)> lift:(1.84) lev:(0.01) [98] conv:(1.22)
 43. shrimp=1 536 ==> mineral water=1 177    <conf:(0.33)> lift:(1.39) lev:(0.01) [49] conv:(1.13)
 44. herb & pepper=1 371 ==> spaghetti=1 122    <conf:(0.33)> lift:(1.89) lev:(0.01) [57] conv:(1.23)
 45. milk=1 mineral water=1 360 ==> spaghetti=1 118    <conf:(0.33)> lift:(1.88) lev:(0.01) [55] conv:(1.22)
 46. herb & pepper=1 371 ==> ground beef=1 120    <conf:(0.32)> lift:(3.29) lev:(0.01) [83] conv:(1.33)
 47. chocolate=1 1229 ==> mineral water=1 395    <conf:(0.32)> lift:(1.35) lev:(0.01) [102] conv:(1.12)
 48. frozen smoothie=1 475 ==> mineral water=1 152    <conf:(0.32)> lift:(1.34) lev:(0.01) [38] conv:(1.12)
 49. honey=1 356 ==> mineral water=1 113    <conf:(0.32)> lift:(1.33) lev:(0) [28] conv:(1.11)
 50. chocolate=1 eggs=1 249 ==> spaghetti=1 79    <conf:(0.32)> lift:(1.82) lev:(0) [35] conv:(1.2)
 51. salmon=1 319 ==> spaghetti=1 101    <conf:(0.32)> lift:(1.82) lev:(0.01) [45] conv:(1.2)
 52. grated cheese=1 393 ==> spaghetti=1 124    <conf:(0.32)> lift:(1.81) lev:(0.01) [55] conv:(1.2)
 53. low fat yogurt=1 574 ==> mineral water=1 180    <conf:(0.31)> lift:(1.32) lev:(0.01) [43] conv:(1.11)
 54. turkey=1 469 ==> eggs=1 146    <conf:(0.31)> lift:(1.73) lev:(0.01) [61] conv:(1.19)
 55. cooking oil=1 383 ==> spaghetti=1 119    <conf:(0.31)> lift:(1.78) lev:(0.01) [52] conv:(1.19)
 56. frozen vegetables=1 mineral water=1 268 ==> milk=1 83    <conf:(0.31)> lift:(2.39) lev:(0.01) [48] conv:(1.25)
 57. fresh bread=1 323 ==> mineral water=1 100    <conf:(0.31)> lift:(1.3) lev:(0) [23] conv:(1.1)
 58. milk=1 spaghetti=1 266 ==> chocolate=1 82    <conf:(0.31)> lift:(1.88) lev:(0.01) [38] conv:(1.2)
 59. turkey=1 469 ==> mineral water=1 144    <conf:(0.31)> lift:(1.29) lev:(0) [32] conv:(1.1)
 60. tomatoes=1 513 ==> spaghetti=1 157    <conf:(0.31)> lift:(1.76) lev:(0.01) [67] conv:(1.19)
 61. chocolate=1 mineral water=1 395 ==> spaghetti=1 119    <conf:(0.3)> lift:(1.73) lev:(0.01) [50] conv:(1.18)
 62. soup=1 379 ==> milk=1 114    <conf:(0.3)> lift:(2.32) lev:(0.01) [64] conv:(1.24)
 63. french fries=1 mineral water=1 253 ==> spaghetti=1 76    <conf:(0.3)> lift:(1.73) lev:(0) [31] conv:(1.17)
 64. shrimp=1 536 ==> spaghetti=1 159    <conf:(0.3)> lift:(1.7) lev:(0.01) [65] conv:(1.17)
 65. frozen vegetables=1 715 ==> spaghetti=1 209    <conf:(0.29)> lift:(1.68) lev:(0.01) [84] conv:(1.16)
 66. milk=1 mineral water=1 360 ==> chocolate=1 105    <conf:(0.29)> lift:(1.78) lev:(0.01) [46] conv:(1.18)
 67. eggs=1 spaghetti=1 274 ==> chocolate=1 79    <conf:(0.29)> lift:(1.76) lev:(0) [34] conv:(1.17)
 68. chicken=1 450 ==> spaghetti=1 129    <conf:(0.29)> lift:(1.65) lev:(0.01) [50] conv:(1.15)
 69. mineral water=1 spaghetti=1 448 ==> ground beef=1 128    <conf:(0.29)> lift:(2.91) lev:(0.01) [83] conv:(1.26)
 70. eggs=1 1348 ==> mineral water=1 382    <conf:(0.28)> lift:(1.19) lev:(0.01) [60] conv:(1.06)
 71. soup=1 379 ==> spaghetti=1 107    <conf:(0.28)> lift:(1.62) lev:(0.01) [41] conv:(1.15)
 72. eggs=1 mineral water=1 382 ==> spaghetti=1 107    <conf:(0.28)> lift:(1.61) lev:(0.01) [40] conv:(1.14)
 73. burgers=1 654 ==> mineral water=1 183    <conf:(0.28)> lift:(1.17) lev:(0) [27] conv:(1.06)
 74. chocolate=1 spaghetti=1 294 ==> milk=1 82    <conf:(0.28)> lift:(2.15) lev:(0.01) [43] conv:(1.2)
 75. milk=1 972 ==> spaghetti=1 266    <conf:(0.27)> lift:(1.57) lev:(0.01) [96] conv:(1.14)
 76. milk=1 mineral water=1 360 ==> eggs=1 98    <conf:(0.27)> lift:(1.51) lev:(0) [33] conv:(1.12)
 77. ground beef=1 mineral water=1 307 ==> milk=1 83    <conf:(0.27)> lift:(2.09) lev:(0.01) [43] conv:(1.19)
 78. chocolate=1 spaghetti=1 294 ==> eggs=1 79    <conf:(0.27)> lift:(1.5) lev:(0) [26] conv:(1.12)
 79. ground beef=1 mineral water=1 307 ==> chocolate=1 82    <conf:(0.27)> lift:(1.63) lev:(0) [31] conv:(1.14)
 80. cooking oil=1 383 ==> chocolate=1 102    <conf:(0.27)> lift:(1.63) lev:(0.01) [39] conv:(1.14)
 81. chocolate=1 mineral water=1 395 ==> milk=1 105    <conf:(0.27)> lift:(2.05) lev:(0.01) [53] conv:(1.18)
 82. mineral water=1 spaghetti=1 448 ==> chocolate=1 119    <conf:(0.27)> lift:(1.62) lev:(0.01) [45] conv:(1.14)
 83. pancakes=1 713 ==> spaghetti=1 189    <conf:(0.27)> lift:(1.52) lev:(0.01) [64] conv:(1.12)
 84. eggs=1 mineral water=1 382 ==> chocolate=1 101    <conf:(0.26)> lift:(1.61) lev:(0.01) [38] conv:(1.13)
 85. turkey=1 469 ==> spaghetti=1 124    <conf:(0.26)> lift:(1.52) lev:(0.01) [42] conv:(1.12)
 86. mineral water=1 spaghetti=1 448 ==> milk=1 118    <conf:(0.26)> lift:(2.03) lev:(0.01) [59] conv:(1.18)
 87. olive oil=1 494 ==> milk=1 128    <conf:(0.26)> lift:(2) lev:(0.01) [63] conv:(1.17)
 88. eggs=1 mineral water=1 382 ==> milk=1 98    <conf:(0.26)> lift:(1.98) lev:(0.01) [48] conv:(1.17)
 89. chocolate=1 mineral water=1 395 ==> eggs=1 101    <conf:(0.26)> lift:(1.42) lev:(0) [30] conv:(1.1)
 90. herb & pepper=1 371 ==> eggs=1 94    <conf:(0.25)> lift:(1.41) lev:(0) [27] conv:(1.09)
 91. burgers=1 654 ==> french fries=1 165    <conf:(0.25)> lift:(1.48) lev:(0.01) [53] conv:(1.11)
 92. shrimp=1 536 ==> chocolate=1 135    <conf:(0.25)> lift:(1.54) lev:(0.01) [47] conv:(1.11)
 93. salmon=1 319 ==> chocolate=1 80    <conf:(0.25)> lift:(1.53) lev:(0) [27] conv:(1.11)
 94. mineral water=1 1788 ==> spaghetti=1 448    <conf:(0.25)> lift:(1.44) lev:(0.02) [136] conv:(1.1)
 95. honey=1 356 ==> spaghetti=1 89    <conf:(0.25)> lift:(1.44) lev:(0) [27] conv:(1.1)
 96. olive oil=1 494 ==> chocolate=1 123    <conf:(0.25)> lift:(1.52) lev:(0.01) [42] conv:(1.11)
 97. milk=1 972 ==> chocolate=1 241    <conf:(0.25)> lift:(1.51) lev:(0.01) [81] conv:(1.11)
 98. champagne=1 351 ==> chocolate=1 87    <conf:(0.25)> lift:(1.51) lev:(0) [29] conv:(1.11)
 99. ground beef=1 mineral water=1 307 ==> eggs=1 76    <conf:(0.25)> lift:(1.38) lev:(0) [20] conv:(1.09)
100. frozen vegetables=1 715 ==> milk=1 177    <conf:(0.25)> lift:(1.91) lev:(0.01) [84] conv:(1.15)
