FPGrowth found 354 rules (displaying top 100)

  1. [28=1]: 352 ==> [14=1]: 91   <conf:(0.26)> lift:(1.56) lev:(0.01) conv:(1.12) 
  2. [91=1]: 433 ==> [67=1]: 96   <conf:(0.22)> lift:(1.42) lev:(0) conv:(1.08) 
  3. [15=1]: 306 ==> [56=1]: 65   <conf:(0.21)> lift:(1.34) lev:(0) conv:(1.06) 
  4. [26=1]: 380 ==> [14=1]: 79   <conf:(0.21)> lift:(1.25) lev:(0) conv:(1.05) 
  5. [99=1]: 407 ==> [14=1]: 84   <conf:(0.21)> lift:(1.24) lev:(0) conv:(1.05) 
  6. [110=1]: 527 ==> [67=1]: 107   <conf:(0.2)> lift:(1.3) lev:(0) conv:(1.06) 
  7. [49=1]: 420 ==> [34=1]: 85   <conf:(0.2)> lift:(1.39) lev:(0) conv:(1.07) 
  8. [67=1]: 902 ==> [14=1]: 179   <conf:(0.2)> lift:(1.2) lev:(0.01) conv:(1.04) 
  9. [116=1]: 486 ==> [56=1]: 95   <conf:(0.2)> lift:(1.24) lev:(0) conv:(1.04) 
 10. [111=1]: 801 ==> [56=1]: 156   <conf:(0.19)> lift:(1.23) lev:(0.01) conv:(1.04) 
 11. [32=1]: 396 ==> [18=1]: 77   <conf:(0.19)> lift:(1.27) lev:(0) conv:(1.05) 
 12. [46=1]: 340 ==> [18=1]: 66   <conf:(0.19)> lift:(1.27) lev:(0) conv:(1.05) 
 13. [99=1]: 407 ==> [18=1]: 79   <conf:(0.19)> lift:(1.27) lev:(0) conv:(1.05) 
 14. [44=1]: 382 ==> [56=1]: 74   <conf:(0.19)> lift:(1.22) lev:(0) conv:(1.04) 
 15. [28=1]: 352 ==> [67=1]: 67   <conf:(0.19)> lift:(1.22) lev:(0) conv:(1.04) 
 16. [116=1]: 486 ==> [14=1]: 92   <conf:(0.19)> lift:(1.14) lev:(0) conv:(1.03) 
 17. [32=1]: 396 ==> [56=1]: 74   <conf:(0.19)> lift:(1.18) lev:(0) conv:(1.03) 
 18. [99=1]: 407 ==> [117=1]: 76   <conf:(0.19)> lift:(1.49) lev:(0) conv:(1.07) 
 19. [14=1]: 961 ==> [67=1]: 179   <conf:(0.19)> lift:(1.2) lev:(0.01) conv:(1.04) 
 20. [86=1]: 644 ==> [14=1]: 119   <conf:(0.18)> lift:(1.11) lev:(0) conv:(1.02) 
 21. [19=1]: 704 ==> [14=1]: 130   <conf:(0.18)> lift:(1.11) lev:(0) conv:(1.02) 
 22. [72=1]: 494 ==> [18=1]: 91   <conf:(0.18)> lift:(1.2) lev:(0) conv:(1.04) 
 23. [16=1]: 444 ==> [67=1]: 81   <conf:(0.18)> lift:(1.17) lev:(0) conv:(1.03) 
 24. [102=1]: 451 ==> [67=1]: 81   <conf:(0.18)> lift:(1.15) lev:(0) conv:(1.03) 
 25. [99=1]: 407 ==> [19=1]: 73   <conf:(0.18)> lift:(1.48) lev:(0) conv:(1.07) 
 26. [26=1]: 380 ==> [18=1]: 68   <conf:(0.18)> lift:(1.17) lev:(0) conv:(1.03) 
 27. [49=1]: 420 ==> [56=1]: 75   <conf:(0.18)> lift:(1.13) lev:(0) conv:(1.02) 
 28. [110=1]: 527 ==> [14=1]: 94   <conf:(0.18)> lift:(1.07) lev:(0) conv:(1.01) 
 29. [44=1]: 382 ==> [14=1]: 68   <conf:(0.18)> lift:(1.07) lev:(0) conv:(1.01) 
 30. [30=1]: 618 ==> [56=1]: 110   <conf:(0.18)> lift:(1.13) lev:(0) conv:(1.02) 
 31. [1=1]: 506 ==> [56=1]: 90   <conf:(0.18)> lift:(1.12) lev:(0) conv:(1.02) 
 32. [91=1]: 433 ==> [14=1]: 77   <conf:(0.18)> lift:(1.07) lev:(0) conv:(1.01) 
 33. [19=1]: 704 ==> [56=1]: 125   <conf:(0.18)> lift:(1.12) lev:(0) conv:(1.02) 
 34. [117=1]: 728 ==> [14=1]: 129   <conf:(0.18)> lift:(1.07) lev:(0) conv:(1.01) 
 35. [28=1]: 352 ==> [111=1]: 62   <conf:(0.18)> lift:(1.27) lev:(0) conv:(1.04) 
 36. [46=1]: 340 ==> [56=1]: 59   <conf:(0.17)> lift:(1.1) lev:(0) conv:(1.01) 
 37. [30=1]: 618 ==> [60=1]: 107   <conf:(0.17)> lift:(1.31) lev:(0) conv:(1.05) 
 38. [48=1]: 417 ==> [67=1]: 72   <conf:(0.17)> lift:(1.11) lev:(0) conv:(1.02) 
 39. [108=1]: 610 ==> [18=1]: 105   <conf:(0.17)> lift:(1.13) lev:(0) conv:(1.02) 
 40. [4=1]: 338 ==> [111=1]: 58   <conf:(0.17)> lift:(1.24) lev:(0) conv:(1.04) 
 41. [111=1]: 801 ==> [14=1]: 137   <conf:(0.17)> lift:(1.03) lev:(0) conv:(1) 
 42. [34=1]: 842 ==> [67=1]: 144   <conf:(0.17)> lift:(1.1) lev:(0) conv:(1.02) 
 43. [108=1]: 610 ==> [67=1]: 104   <conf:(0.17)> lift:(1.09) lev:(0) conv:(1.02) 
 44. [56=1]: 916 ==> [111=1]: 156   <conf:(0.17)> lift:(1.23) lev:(0.01) conv:(1.04) 
 45. [115=1]: 379 ==> [14=1]: 64   <conf:(0.17)> lift:(1.02) lev:(0) conv:(1) 
 46. [102=1]: 451 ==> [56=1]: 76   <conf:(0.17)> lift:(1.07) lev:(0) conv:(1.01) 
 47. [1=1]: 506 ==> [34=1]: 85   <conf:(0.17)> lift:(1.16) lev:(0) conv:(1.02) 
 48. [28=1]: 352 ==> [34=1]: 59   <conf:(0.17)> lift:(1.15) lev:(0) conv:(1.02) 
 49. [117=1]: 728 ==> [56=1]: 122   <conf:(0.17)> lift:(1.06) lev:(0) conv:(1.01) 
 50. [116=1]: 486 ==> [67=1]: 81   <conf:(0.17)> lift:(1.07) lev:(0) conv:(1.01) 
 51. [30=1]: 618 ==> [18=1]: 103   <conf:(0.17)> lift:(1.09) lev:(0) conv:(1.01) 
 52. [78=1]: 384 ==> [18=1]: 64   <conf:(0.17)> lift:(1.09) lev:(0) conv:(1.01) 
 53. [102=1]: 451 ==> [111=1]: 75   <conf:(0.17)> lift:(1.2) lev:(0) conv:(1.03) 
 54. [91=1]: 433 ==> [56=1]: 72   <conf:(0.17)> lift:(1.05) lev:(0) conv:(1.01) 
 55. [6=1]: 602 ==> [14=1]: 100   <conf:(0.17)> lift:(1) lev:(0) conv:(1) 
 56. [12=1]: 370 ==> [18=1]: 61   <conf:(0.16)> lift:(1.08) lev:(0) conv:(1.01) 
 57. [86=1]: 644 ==> [67=1]: 106   <conf:(0.16)> lift:(1.06) lev:(0) conv:(1.01) 
 58. [16=1]: 444 ==> [14=1]: 73   <conf:(0.16)> lift:(0.99) lev:(-0) conv:(1) 
 59. [102=1]: 451 ==> [14=1]: 74   <conf:(0.16)> lift:(0.99) lev:(-0) conv:(1) 
 60. [78=1]: 384 ==> [14=1]: 63   <conf:(0.16)> lift:(0.99) lev:(-0) conv:(0.99) 
 61. [78=1]: 384 ==> [34=1]: 63   <conf:(0.16)> lift:(1.13) lev:(0) conv:(1.02) 
 62. [30=1]: 618 ==> [34=1]: 101   <conf:(0.16)> lift:(1.12) lev:(0) conv:(1.02) 
 63. [1=1]: 506 ==> [86=1]: 82   <conf:(0.16)> lift:(1.46) lev:(0) conv:(1.06) 
 64. [34=1]: 842 ==> [56=1]: 136   <conf:(0.16)> lift:(1.02) lev:(0) conv:(1) 
 65. [115=1]: 379 ==> [60=1]: 61   <conf:(0.16)> lift:(1.22) lev:(0) conv:(1.03) 
 66. [26=1]: 380 ==> [67=1]: 61   <conf:(0.16)> lift:(1.03) lev:(0) conv:(1) 
 67. [67=1]: 902 ==> [34=1]: 144   <conf:(0.16)> lift:(1.1) lev:(0) conv:(1.02) 
 68. [49=1]: 420 ==> [18=1]: 67   <conf:(0.16)> lift:(1.04) lev:(0) conv:(1) 
 69. [91=1]: 433 ==> [18=1]: 69   <conf:(0.16)> lift:(1.04) lev:(0) conv:(1) 
 70. [30=1]: 618 ==> [19=1]: 98   <conf:(0.16)> lift:(1.3) lev:(0) conv:(1.04) 
 71. [115=1]: 379 ==> [34=1]: 60   <conf:(0.16)> lift:(1.09) lev:(0) conv:(1.01) 
 72. [6=1]: 602 ==> [34=1]: 95   <conf:(0.16)> lift:(1.09) lev:(0) conv:(1.01) 
 73. [6=1]: 602 ==> [117=1]: 95   <conf:(0.16)> lift:(1.26) lev:(0) conv:(1.04) 
 74. [67=1]: 902 ==> [56=1]: 142   <conf:(0.16)> lift:(1) lev:(-0) conv:(1) 
 75. [108=1]: 610 ==> [14=1]: 96   <conf:(0.16)> lift:(0.95) lev:(-0) conv:(0.99) 
 76. [49=1]: 420 ==> [19=1]: 66   <conf:(0.16)> lift:(1.29) lev:(0) conv:(1.04) 
 77. [44=1]: 382 ==> [67=1]: 60   <conf:(0.16)> lift:(1.01) lev:(0) conv:(1) 
 78. [12=1]: 370 ==> [14=1]: 58   <conf:(0.16)> lift:(0.94) lev:(-0) conv:(0.99) 
 79. [19=1]: 704 ==> [60=1]: 110   <conf:(0.16)> lift:(1.18) lev:(0) conv:(1.03) 
 80. [78=1]: 384 ==> [86=1]: 60   <conf:(0.16)> lift:(1.41) lev:(0) conv:(1.05) 
 81. [115=1]: 379 ==> [30=1]: 59   <conf:(0.16)> lift:(1.46) lev:(0) conv:(1.05) 
 82. [16=1]: 444 ==> [111=1]: 69   <conf:(0.16)> lift:(1.12) lev:(0) conv:(1.02) 
 83. [56=1]: 916 ==> [67=1]: 142   <conf:(0.16)> lift:(1) lev:(-0) conv:(1) 
 84. [111=1]: 801 ==> [18=1]: 124   <conf:(0.15)> lift:(1.01) lev:(0) conv:(1) 
 85. [49=1]: 420 ==> [14=1]: 65   <conf:(0.15)> lift:(0.93) lev:(-0) conv:(0.98) 
 86. [91=1]: 433 ==> [86=1]: 67   <conf:(0.15)> lift:(1.39) lev:(0) conv:(1.05) 
 87. [60=1]: 764 ==> [34=1]: 118   <conf:(0.15)> lift:(1.06) lev:(0) conv:(1.01) 
 88. [108=1]: 610 ==> [34=1]: 94   <conf:(0.15)> lift:(1.06) lev:(0) conv:(1.01) 
 89. [18=1]: 886 ==> [56=1]: 136   <conf:(0.15)> lift:(0.97) lev:(-0) conv:(0.99) 
 90. [60=1]: 764 ==> [111=1]: 117   <conf:(0.15)> lift:(1.11) lev:(0) conv:(1.02) 
 91. [6=1]: 602 ==> [18=1]: 92   <conf:(0.15)> lift:(1) lev:(-0) conv:(1) 
 92. [26=1]: 380 ==> [34=1]: 58   <conf:(0.15)> lift:(1.05) lev:(0) conv:(1.01) 
 93. [99=1]: 407 ==> [67=1]: 62   <conf:(0.15)> lift:(0.98) lev:(-0) conv:(0.99) 
 94. [116=1]: 486 ==> [117=1]: 74   <conf:(0.15)> lift:(1.21) lev:(0) conv:(1.03) 
 95. [1=1]: 506 ==> [14=1]: 77   <conf:(0.15)> lift:(0.92) lev:(-0) conv:(0.98) 
 96. [1=1]: 506 ==> [67=1]: 77   <conf:(0.15)> lift:(0.98) lev:(-0) conv:(0.99) 
 97. [19=1]: 704 ==> [111=1]: 107   <conf:(0.15)> lift:(1.1) lev:(0) conv:(1.01) 
 98. [56=1]: 916 ==> [14=1]: 139   <conf:(0.15)> lift:(0.91) lev:(-0) conv:(0.98) 
 99. [6=1]: 602 ==> [56=1]: 91   <conf:(0.15)> lift:(0.96) lev:(-0) conv:(0.99) 
100. [102=1]: 451 ==> [18=1]: 68   <conf:(0.15)> lift:(0.99) lev:(-0) conv:(0.99) 
