
Apriori
=======

Minimum support: 0.5 (2 instances)
Minimum metric <confidence>: 0.5
Number of cycles performed: 10

Generated sets of large itemsets:

Size of set of large itemsets L(1): 4

Size of set of large itemsets L(2): 4

Size of set of large itemsets L(3): 1

Best rules found:

  1. E=1 3 ==> B=1 3    <conf:(1)> lift:(1.33) lev:(0.19) [0] conv:(0.75)
  2. B=1 3 ==> E=1 3    <conf:(1)> lift:(1.33) lev:(0.19) [0] conv:(0.75)
  3. A=1 2 ==> C=1 2    <conf:(1)> lift:(1.33) lev:(0.13) [0] conv:(0.5)
  4. C=1 E=1 2 ==> B=1 2    <conf:(1)> lift:(1.33) lev:(0.13) [0] conv:(0.5)
  5. B=1 C=1 2 ==> E=1 2    <conf:(1)> lift:(1.33) lev:(0.13) [0] conv:(0.5)
  6. C=1 3 ==> A=1 2    <conf:(0.67)> lift:(1.33) lev:(0.13) [0] conv:(0.75)
  7. C=1 3 ==> B=1 2    <conf:(0.67)> lift:(0.89) lev:(-0.06) [0] conv:(0.38)
  8. B=1 3 ==> C=1 2    <conf:(0.67)> lift:(0.89) lev:(-0.06) [0] conv:(0.38)
  9. E=1 3 ==> C=1 2    <conf:(0.67)> lift:(0.89) lev:(-0.06) [0] conv:(0.38)
 10. C=1 3 ==> E=1 2    <conf:(0.67)> lift:(0.89) lev:(-0.06) [0] conv:(0.38)
 11. B=1 E=1 3 ==> C=1 2    <conf:(0.67)> lift:(0.89) lev:(-0.06) [0] conv:(0.38)
 12. E=1 3 ==> B=1 C=1 2    <conf:(0.67)> lift:(1.33) lev:(0.13) [0] conv:(0.75)
 13. C=1 3 ==> B=1 E=1 2    <conf:(0.67)> lift:(0.89) lev:(-0.06) [0] conv:(0.38)
 14. B=1 3 ==> C=1 E=1 2    <conf:(0.67)> lift:(1.33) lev:(0.13) [0] conv:(0.75)
